<?xml version="1.0" encoding="UTF-8"?>
<testsuite xmlns:xsi="http://www.w3.org/2001/XMLSchema-instance" xsi:noNamespaceSchemaLocation="https://maven.apache.org/surefire/maven-surefire-plugin/xsd/surefire-test-report-3.0.xsd" version="3.0" name="com.springboot.example.docs.DocsApplicationTests" time="2.463" tests="1" errors="0" skipped="0" failures="0">
  <properties>
[...]
</properties>
  <testcase name="contextLoads" classname="com.springboot.example.docs.DocsApplicationTests" time="0.757">
    <system-out><![CDATA[21:14:38.422 [main] INFO org.springframework.test.context.support.AnnotationConfigContextLoaderUtils -- Could not detect default configuration classes for test class [com.springboot.example.docs.DocsApplicationTests]: DocsApplicationTests does not declare any static, non-private, non-final, nested classes annotated with @Configuration.
21:14:38.501 [main] INFO org.springframework.boot.test.context.SpringBootTestContextBootstrapper -- Found @SpringBootConfiguration com.springboot.example.docs.DocsApplication for test class com.springboot.example.docs.DocsApplicationTests

  .   ____          _            __ _ _
 /\\ / ___'_ __ _ _(_)_ __  __ _ \ \ \ \
( ( )\___ | '_ | '_| | '_ \/ _` | \ \ \ \
 \\/  ___)| |_)| | | | | || (_| |  ) ) ) )
  '  |____| .__|_| |_|_| |_\__, | / / / /
 =========|_|==============|___/=/_/_/_/

 :: Spring Boot ::                (v3.3.4)

2024-09-28T21:14:38.825+04:00  INFO 2534 --- [docs] [           main] c.s.example.docs.DocsApplicationTests    : Starting DocsApplicationTests using Java 21.0.4 with PID 2534 (started by nazima in /Users/nazima/Github/spring-boot-3-openapi-swagger-example)
2024-09-28T21:14:38.826+04:00  INFO 2534 --- [docs] [           main] c.s.example.docs.DocsApplicationTests    : No active profile set, falling back to 1 default profile: "default"
2024-09-28T21:14:39.956+04:00  INFO 2534 --- [docs] [           main] c.s.example.docs.DocsApplicationTests    : Started DocsApplicationTests in 1.34 seconds (process running for 2.13)
]]></system-out>
    <system-err><![CDATA[WARNING: A Java agent has been loaded dynamically (/Users/nazima/.m2/repository/net/bytebuddy/byte-buddy-agent/1.14.19/byte-buddy-agent-1.14.19.jar)
WARNING: If a serviceability tool is in use, please run with -XX:+EnableDynamicAgentLoading to hide this warning
WARNING: If a serviceability tool is not in use, please run with -Djdk.instrument.traceUsage for more information
WARNING: Dynamic loading of agents will be disallowed by default in a future release
]]></system-err>
  </testcase>
</testsuite>